{"contracts/GodsLegacy.sol":{"l":{"22":2,"23":2,"35":0,"36":0,"37":0,"45":4,"53":1,"64":4,"68":3,"81":4,"82":4,"94":1,"96":1,"97":1,"98":1,"101":1,"102":1,"103":1,"106":1,"109":1,"110":1,"113":1,"127":1,"130":1,"131":1,"134":1,"135":1,"136":1,"140":1,"141":1,"144":1,"147":1,"150":1,"151":1,"154":1,"163":1,"171":0,"179":2,"184":0},"path":"/Users/imac/Documents/blockchain-projets/GodsLegacyToken/contracts/GodsLegacy.sol","s":{"1":2,"2":0,"3":0,"4":0,"5":4,"6":4,"7":4,"8":1,"9":1,"10":1,"11":1,"12":1,"13":1,"14":1,"15":1,"16":1,"17":1,"18":1,"19":1,"20":1,"21":1,"22":1,"23":1,"24":1,"25":1,"26":1,"27":1,"28":1,"29":1,"30":1,"31":0,"32":2},"b":{"1":[4,1],"2":[1,1],"3":[4,1],"4":[3,1],"5":[4,1],"6":[1,0],"7":[1,0],"8":[1,0],"9":[1,0],"10":[1,0],"11":[1,0],"12":[1,0],"13":[1,0],"14":[1,0],"15":[1,0]},"f":{"1":2,"2":0,"3":4,"4":1,"5":4,"6":4,"7":1,"8":1,"9":1,"10":0,"11":2},"fnMap":{"1":{"name":"constructor","line":21,"loc":{"start":{"line":19,"column":4},"end":{"line":24,"column":4}}},"2":{"name":"calculateTokenRarity","line":31,"loc":{"start":{"line":31,"column":4},"end":{"line":38,"column":4}}},"3":{"name":"enableTransferWithBurn","line":44,"loc":{"start":{"line":44,"column":4},"end":{"line":46,"column":4}}},"4":{"name":"disableTransferWithBurn","line":52,"loc":{"start":{"line":52,"column":4},"end":{"line":54,"column":4}}},"5":{"name":"setBurnRate","line":63,"loc":{"start":{"line":63,"column":4},"end":{"line":69,"column":4}}},"6":{"name":"send","line":80,"loc":{"start":{"line":77,"column":4},"end":{"line":83,"column":4}}},"7":{"name":"transfer","line":90,"loc":{"start":{"line":90,"column":4},"end":{"line":114,"column":4}}},"8":{"name":"transferFrom","line":122,"loc":{"start":{"line":122,"column":4},"end":{"line":155,"column":4}}},"9":{"name":"mint","line":162,"loc":{"start":{"line":162,"column":4},"end":{"line":164,"column":4}}},"10":{"name":"getContractBalance","line":170,"loc":{"start":{"line":170,"column":4},"end":{"line":172,"column":4}}},"11":{"name":"isOwner","line":178,"loc":{"start":{"line":178,"column":4},"end":{"line":180,"column":4}}}},"statementMap":{"1":{"start":{"line":23,"column":8},"end":{"line":23,"column":53}},"2":{"start":{"line":35,"column":8},"end":{"line":35,"column":43}},"3":{"start":{"line":36,"column":8},"end":{"line":36,"column":47}},"4":{"start":{"line":37,"column":8},"end":{"line":37,"column":21}},"5":{"start":{"line":64,"column":8},"end":{"line":64,"column":2564}},"6":{"start":{"line":81,"column":8},"end":{"line":81,"column":45}},"7":{"start":{"line":82,"column":8},"end":{"line":82,"column":19}},"8":{"start":{"line":94,"column":8},"end":{"line":94,"column":63}},"9":{"start":{"line":96,"column":8},"end":{"line":96,"column":30}},"10":{"start":{"line":97,"column":8},"end":{"line":97,"column":3655}},"11":{"start":{"line":101,"column":8},"end":{"line":101,"column":55}},"12":{"start":{"line":102,"column":8},"end":{"line":102,"column":53}},"13":{"start":{"line":103,"column":8},"end":{"line":103,"column":77}},"14":{"start":{"line":106,"column":8},"end":{"line":106,"column":51}},"15":{"start":{"line":109,"column":8},"end":{"line":109,"column":4130}},"16":{"start":{"line":110,"column":12},"end":{"line":110,"column":40}},"17":{"start":{"line":113,"column":8},"end":{"line":113,"column":19}},"18":{"start":{"line":127,"column":8},"end":{"line":127,"column":63}},"19":{"start":{"line":130,"column":8},"end":{"line":130,"column":63}},"20":{"start":{"line":131,"column":8},"end":{"line":131,"column":65}},"21":{"start":{"line":134,"column":8},"end":{"line":134,"column":30}},"22":{"start":{"line":135,"column":8},"end":{"line":135,"column":5098}},"23":{"start":{"line":140,"column":8},"end":{"line":140,"column":55}},"24":{"start":{"line":141,"column":8},"end":{"line":141,"column":80}},"25":{"start":{"line":144,"column":8},"end":{"line":144,"column":46}},"26":{"start":{"line":147,"column":8},"end":{"line":147,"column":62}},"27":{"start":{"line":150,"column":8},"end":{"line":150,"column":5641}},"28":{"start":{"line":151,"column":12},"end":{"line":151,"column":35}},"29":{"start":{"line":154,"column":8},"end":{"line":154,"column":19}},"30":{"start":{"line":163,"column":8},"end":{"line":163,"column":36}},"31":{"start":{"line":171,"column":8},"end":{"line":171,"column":36}},"32":{"start":{"line":179,"column":8},"end":{"line":179,"column":36}}},"branchMap":{"1":{"line":44,"type":"if","locations":[{"start":{"line":44,"column":47},"end":{"line":44,"column":47}},{"start":{"line":44,"column":47},"end":{"line":44,"column":47}}]},"2":{"line":52,"type":"if","locations":[{"start":{"line":52,"column":48},"end":{"line":52,"column":48}},{"start":{"line":52,"column":48},"end":{"line":52,"column":48}}]},"3":{"line":63,"type":"if","locations":[{"start":{"line":63,"column":53},"end":{"line":63,"column":53}},{"start":{"line":63,"column":53},"end":{"line":63,"column":53}}]},"4":{"line":64,"type":"if","locations":[{"start":{"line":64,"column":8},"end":{"line":64,"column":8}},{"start":{"line":64,"column":8},"end":{"line":64,"column":8}}]},"5":{"line":80,"type":"if","locations":[{"start":{"line":80,"column":15},"end":{"line":80,"column":15}},{"start":{"line":80,"column":15},"end":{"line":80,"column":15}}]},"6":{"line":94,"type":"if","locations":[{"start":{"line":94,"column":8},"end":{"line":94,"column":8}},{"start":{"line":94,"column":8},"end":{"line":94,"column":8}}]},"7":{"line":97,"type":"if","locations":[{"start":{"line":97,"column":8},"end":{"line":97,"column":8}},{"start":{"line":97,"column":8},"end":{"line":97,"column":8}}]},"8":{"line":103,"type":"if","locations":[{"start":{"line":103,"column":8},"end":{"line":103,"column":8}},{"start":{"line":103,"column":8},"end":{"line":103,"column":8}}]},"9":{"line":109,"type":"if","locations":[{"start":{"line":109,"column":8},"end":{"line":109,"column":8}},{"start":{"line":109,"column":8},"end":{"line":109,"column":8}}]},"10":{"line":127,"type":"if","locations":[{"start":{"line":127,"column":8},"end":{"line":127,"column":8}},{"start":{"line":127,"column":8},"end":{"line":127,"column":8}}]},"11":{"line":131,"type":"if","locations":[{"start":{"line":131,"column":8},"end":{"line":131,"column":8}},{"start":{"line":131,"column":8},"end":{"line":131,"column":8}}]},"12":{"line":135,"type":"if","locations":[{"start":{"line":135,"column":8},"end":{"line":135,"column":8}},{"start":{"line":135,"column":8},"end":{"line":135,"column":8}}]},"13":{"line":141,"type":"if","locations":[{"start":{"line":141,"column":8},"end":{"line":141,"column":8}},{"start":{"line":141,"column":8},"end":{"line":141,"column":8}}]},"14":{"line":150,"type":"if","locations":[{"start":{"line":150,"column":8},"end":{"line":150,"column":8}},{"start":{"line":150,"column":8},"end":{"line":150,"column":8}}]},"15":{"line":162,"type":"if","locations":[{"start":{"line":162,"column":44},"end":{"line":162,"column":44}},{"start":{"line":162,"column":44},"end":{"line":162,"column":44}}]}}}}