TN:
SF:/Users/imac/Documents/blockchain-projets/GodsLegacyToken/contracts/GodsLegacy.sol
FN:21,constructor
FN:31,calculateTokenRarity
FN:44,enableTransferWithBurn
FN:52,disableTransferWithBurn
FN:63,setBurnRate
FN:80,send
FN:90,transfer
FN:122,transferFrom
FN:162,mint
FN:170,getContractBalance
FN:178,isOwner
FNF:11
FNH:9
FNDA:2,constructor
FNDA:0,calculateTokenRarity
FNDA:4,enableTransferWithBurn
FNDA:1,disableTransferWithBurn
FNDA:4,setBurnRate
FNDA:4,send
FNDA:1,transfer
FNDA:1,transferFrom
FNDA:1,mint
FNDA:0,getContractBalance
FNDA:2,isOwner
DA:22,2
DA:23,2
DA:35,0
DA:36,0
DA:37,0
DA:45,4
DA:53,1
DA:64,4
DA:68,3
DA:81,4
DA:82,4
DA:94,1
DA:96,1
DA:97,1
DA:98,1
DA:101,1
DA:102,1
DA:103,1
DA:106,1
DA:109,1
DA:110,1
DA:113,1
DA:127,1
DA:130,1
DA:131,1
DA:134,1
DA:135,1
DA:136,1
DA:140,1
DA:141,1
DA:144,1
DA:147,1
DA:150,1
DA:151,1
DA:154,1
DA:163,1
DA:171,0
DA:179,2
DA:184,0
LF:39
LH:34
BRDA:44,1,0,4
BRDA:44,1,1,1
BRDA:52,2,0,1
BRDA:52,2,1,1
BRDA:63,3,0,4
BRDA:63,3,1,1
BRDA:64,4,0,3
BRDA:64,4,1,1
BRDA:80,5,0,4
BRDA:80,5,1,1
BRDA:94,6,0,1
BRDA:94,6,1,0
BRDA:97,7,0,1
BRDA:97,7,1,0
BRDA:103,8,0,1
BRDA:103,8,1,0
BRDA:109,9,0,1
BRDA:109,9,1,0
BRDA:127,10,0,1
BRDA:127,10,1,0
BRDA:131,11,0,1
BRDA:131,11,1,0
BRDA:135,12,0,1
BRDA:135,12,1,0
BRDA:141,13,0,1
BRDA:141,13,1,0
BRDA:150,14,0,1
BRDA:150,14,1,0
BRDA:162,15,0,1
BRDA:162,15,1,0
BRF:30
BRH:20
end_of_record
